<?xml version="1.0" encoding="UTF-8"?>
<!-- Generated by org.testng.reporters.JUnitReportReporter -->
<testsuite hostname="DESKTOP-L54MKTK" failures="0" tests="1" name="TestRunner.MyRunner" time="26.237" errors="0" timestamp="2021-10-10T19:20:21 IST" skipped="0">
  <testcase classname="TestRunner.MyRunner" name="runScenario" time="26.237"/>
  <system-out/>
</testsuite> <!-- TestRunner.MyRunner -->
